<?xml version="1.0" encoding="UTF-8"?>
<!-- Generated by org.testng.reporters.JUnitReportReporter -->
<testsuite hostname="Seploid-PC" name="org.piano.test.task.tests.SearchCompaniesTest" tests="1" failures="0" timestamp="25 Jan 2017 05:25:32 GMT" time="4.241" errors="0">
  <testcase name="searchingByKeyWordWorks" time="4.241" classname="org.piano.test.task.tests.SearchCompaniesTest"/>
</testsuite> <!-- org.piano.test.task.tests.SearchCompaniesTest -->
